<?xml version="1.0" encoding="UTF-8"?>
<!-- Generated by org.testng.reporters.JUnitReportReporter -->
<testsuite hostname="DESKTOP-OKL3428" failures="0" tests="3" name="testngexample" time="7.147" errors="0" timestamp="2023-08-27T05:19:03 GMT-07:00" skipped="0">
  <testcase classname="testngexample" name="testcase2" time="2.207"/>
  <testcase classname="testngexample" name="testcase1" time="4.090"/>
  <testcase classname="testngexample" name="testcase3" time="0.850"/>
</testsuite> <!-- testngexample -->
