<?xml version="1.0" encoding="UTF-8"?>
<!-- Generated by org.testng.reporters.JUnitReportReporter -->
<testsuite hostname="DESKTOP-OKL3428" failures="0" tests="8" name="crosbrowserTest" time="31.866" errors="0" timestamp="2023-08-27T05:57:51 GMT-07:00" skipped="0">
  <testcase classname="crosbrowserTest" name="testcase2" time="5.238"/>
  <testcase classname="crosbrowserTest" name="beforeclas" time="14.086"/>
  <testcase classname="crosbrowserTest" name="beforeclas" time="5.877"/>
  <testcase classname="crosbrowserTest" name="testcase3" time="0.002"/>
  <testcase classname="crosbrowserTest" name="testcase1" time="0.240"/>
  <testcase classname="crosbrowserTest" name="testcase3" time="0.004"/>
  <testcase classname="crosbrowserTest" name="testcase1" time="0.367"/>
  <testcase classname="crosbrowserTest" name="testcase2" time="6.052"/>
</testsuite> <!-- crosbrowserTest -->
